<?xml version="1.0" encoding="UTF-8"?>
<testsuite name="com.apex.codeassesment.MainActivityViewModelTest" tests="3" skipped="0" failures="3" errors="0" timestamp="2023-07-21T19:36:31" hostname="DESKTOP-OOI6HDE" time="0.466">
  <properties/>
  <testcase name="testRecyclerViewNotNull" classname="com.apex.codeassesment.MainActivityViewModelTest" time="0.455">
    <failure message="java.lang.RuntimeException: java.lang.ClassNotFoundException: couldn't load com.apex.codeassesment.MainActivityViewModelTest" type="java.lang.RuntimeException">java.lang.RuntimeException: java.lang.ClassNotFoundException: couldn't load com.apex.codeassesment.MainActivityViewModelTest
	at org.robolectric.internal.bytecode.Sandbox.bootstrappedClass(Sandbox.java:43)
	at org.robolectric.internal.SandboxTestRunner$2.lambda$evaluate$0(SandboxTestRunner.java:253)
	at org.robolectric.internal.bytecode.Sandbox.lambda$runOnMainThread$0(Sandbox.java:89)
	at java.base/java.util.concurrent.FutureTask.run(FutureTask.java:264)
	at java.base/java.util.concurrent.ThreadPoolExecutor.runWorker(ThreadPoolExecutor.java:1136)
	at java.base/java.util.concurrent.ThreadPoolExecutor$Worker.run(ThreadPoolExecutor.java:635)
	at java.base/java.lang.Thread.run(Thread.java:833)
Caused by: java.lang.ClassNotFoundException: couldn't load com.apex.codeassesment.MainActivityViewModelTest
	at org.robolectric.internal.bytecode.SandboxClassLoader.maybeInstrumentClass(SandboxClassLoader.java:142)
	at org.robolectric.internal.bytecode.SandboxClassLoader.lambda$loadClass$0(SandboxClassLoader.java:115)
	at org.robolectric.util.PerfStatsCollector.measure(PerfStatsCollector.java:53)
	at org.robolectric.internal.bytecode.SandboxClassLoader.loadClass(SandboxClassLoader.java:115)
	at java.base/java.lang.ClassLoader.loadClass(ClassLoader.java:520)
	at org.robolectric.internal.bytecode.Sandbox.bootstrappedClass(Sandbox.java:41)
	... 6 more
Caused by: java.lang.IllegalArgumentException: Unsupported class file major version 61
	at org.objectweb.asm.ClassReader.&lt;init&gt;(ClassReader.java:189)
	at org.objectweb.asm.ClassReader.&lt;init&gt;(ClassReader.java:170)
	at org.objectweb.asm.ClassReader.&lt;init&gt;(ClassReader.java:156)
	at org.robolectric.internal.bytecode.ClassDetails.&lt;init&gt;(ClassDetails.java:21)
	at org.robolectric.internal.bytecode.SandboxClassLoader.maybeInstrumentClass(SandboxClassLoader.java:133)
	... 11 more
</failure>
  </testcase>
  <testcase name="testRecyclerViewAdapterNotNull" classname="com.apex.codeassesment.MainActivityViewModelTest" time="0.005">
    <failure message="java.lang.RuntimeException: java.lang.ClassNotFoundException: couldn't load com.apex.codeassesment.MainActivityViewModelTest" type="java.lang.RuntimeException">java.lang.RuntimeException: java.lang.ClassNotFoundException: couldn't load com.apex.codeassesment.MainActivityViewModelTest
	at org.robolectric.internal.bytecode.Sandbox.bootstrappedClass(Sandbox.java:43)
	at org.robolectric.internal.SandboxTestRunner$2.lambda$evaluate$0(SandboxTestRunner.java:253)
	at org.robolectric.internal.bytecode.Sandbox.lambda$runOnMainThread$0(Sandbox.java:89)
	at java.base/java.util.concurrent.FutureTask.run(FutureTask.java:264)
	at java.base/java.util.concurrent.ThreadPoolExecutor.runWorker(ThreadPoolExecutor.java:1136)
	at java.base/java.util.concurrent.ThreadPoolExecutor$Worker.run(ThreadPoolExecutor.java:635)
	at java.base/java.lang.Thread.run(Thread.java:833)
Caused by: java.lang.ClassNotFoundException: couldn't load com.apex.codeassesment.MainActivityViewModelTest
	at org.robolectric.internal.bytecode.SandboxClassLoader.maybeInstrumentClass(SandboxClassLoader.java:142)
	at org.robolectric.internal.bytecode.SandboxClassLoader.lambda$loadClass$0(SandboxClassLoader.java:115)
	at org.robolectric.util.PerfStatsCollector.measure(PerfStatsCollector.java:53)
	at org.robolectric.internal.bytecode.SandboxClassLoader.loadClass(SandboxClassLoader.java:115)
	at java.base/java.lang.ClassLoader.loadClass(ClassLoader.java:520)
	at org.robolectric.internal.bytecode.Sandbox.bootstrappedClass(Sandbox.java:41)
	... 6 more
Caused by: java.lang.IllegalArgumentException: Unsupported class file major version 61
	at org.objectweb.asm.ClassReader.&lt;init&gt;(ClassReader.java:189)
	at org.objectweb.asm.ClassReader.&lt;init&gt;(ClassReader.java:170)
	at org.objectweb.asm.ClassReader.&lt;init&gt;(ClassReader.java:156)
	at org.robolectric.internal.bytecode.ClassDetails.&lt;init&gt;(ClassDetails.java:21)
	at org.robolectric.internal.bytecode.SandboxClassLoader.maybeInstrumentClass(SandboxClassLoader.java:133)
	... 11 more
</failure>
  </testcase>
  <testcase name="testRecyclerViewItemCount" classname="com.apex.codeassesment.MainActivityViewModelTest" time="0.005">
    <failure message="java.lang.RuntimeException: java.lang.ClassNotFoundException: couldn't load com.apex.codeassesment.MainActivityViewModelTest" type="java.lang.RuntimeException">java.lang.RuntimeException: java.lang.ClassNotFoundException: couldn't load com.apex.codeassesment.MainActivityViewModelTest
	at org.robolectric.internal.bytecode.Sandbox.bootstrappedClass(Sandbox.java:43)
	at org.robolectric.internal.SandboxTestRunner$2.lambda$evaluate$0(SandboxTestRunner.java:253)
	at org.robolectric.internal.bytecode.Sandbox.lambda$runOnMainThread$0(Sandbox.java:89)
	at java.base/java.util.concurrent.FutureTask.run(FutureTask.java:264)
	at java.base/java.util.concurrent.ThreadPoolExecutor.runWorker(ThreadPoolExecutor.java:1136)
	at java.base/java.util.concurrent.ThreadPoolExecutor$Worker.run(ThreadPoolExecutor.java:635)
	at java.base/java.lang.Thread.run(Thread.java:833)
Caused by: java.lang.ClassNotFoundException: couldn't load com.apex.codeassesment.MainActivityViewModelTest
	at org.robolectric.internal.bytecode.SandboxClassLoader.maybeInstrumentClass(SandboxClassLoader.java:142)
	at org.robolectric.internal.bytecode.SandboxClassLoader.lambda$loadClass$0(SandboxClassLoader.java:115)
	at org.robolectric.util.PerfStatsCollector.measure(PerfStatsCollector.java:53)
	at org.robolectric.internal.bytecode.SandboxClassLoader.loadClass(SandboxClassLoader.java:115)
	at java.base/java.lang.ClassLoader.loadClass(ClassLoader.java:520)
	at org.robolectric.internal.bytecode.Sandbox.bootstrappedClass(Sandbox.java:41)
	... 6 more
Caused by: java.lang.IllegalArgumentException: Unsupported class file major version 61
	at org.objectweb.asm.ClassReader.&lt;init&gt;(ClassReader.java:189)
	at org.objectweb.asm.ClassReader.&lt;init&gt;(ClassReader.java:170)
	at org.objectweb.asm.ClassReader.&lt;init&gt;(ClassReader.java:156)
	at org.robolectric.internal.bytecode.ClassDetails.&lt;init&gt;(ClassDetails.java:21)
	at org.robolectric.internal.bytecode.SandboxClassLoader.maybeInstrumentClass(SandboxClassLoader.java:133)
	... 11 more
</failure>
  </testcase>
  <system-out><![CDATA[WARNING: No manifest file found at .\AndroidManifest.xml.
Falling back to the Android OS resources only.
To remove this warning, annotate your test class with @Config(manifest=Config.NONE).
]]></system-out>
  <system-err><![CDATA[No such manifest file: .\AndroidManifest.xml
]]></system-err>
</testsuite>
